<?xml version="1.0" encoding="UTF-8"?>
<!-- Generated by org.testng.reporters.JUnitReportReporter -->
<testsuite skipped="0" hostname="Dell-Xps-15-12" name="SimpleFrameworkWithWaitAndImageChecker" tests="1" failures="0" timestamp="27 Apr 2018 00:26:43 GMT" time="0.764" errors="0">
  <testcase name="compareBaselineWithScreen" time="0.764" classname="SimpleFrameworkWithWaitAndImageChecker"/>
</testsuite> <!-- SimpleFrameworkWithWaitAndImageChecker -->
